XT_INFO: Create a vector containing length=10 random values
XT_INFO: Sorting vector using Merge Sort (ascending, length=10)
XT_DEBUG: 1: start_idx=0 end_idx=9 mid_idx=4
XT_DEBUG: 1: start_idx=0 end_idx=4 mid_idx=2
XT_DEBUG: 1: start_idx=0 end_idx=2 mid_idx=1
XT_DEBUG: 1: start_idx=0 end_idx=1 mid_idx=0
XT_DEBUG: 2: start_idx=0 end_idx=1 mid_idx=0
XT_DEBUG: start_idx_1=0 end_idx_1=1 vec_1: XT_DEBUG: Vector content: 63 
XT_DEBUG: start_idx_2=1 end_idx_2=2 vec_2: XT_DEBUG: Vector content: 40 
XT_DEBUG: Before: idx=0 idx_1=0 idx_2=0 vec_1[idx_1]=63 vec_2[idx_2]=40
XT_DEBUG: After: idx=1 idx_1=0 idx_2=1
XT_DEBUG: vec: XT_DEBUG: Vector content: 40 40 52 61 1 4 61 61 85 14 
XT_DEBUG: Before: idx=1 idx_1=0 idx_2=1
XT_DEBUG: After: idx=2 idx_1=1 idx_2=1
XT_DEBUG: vec: XT_DEBUG: Vector content: 40 63 52 61 1 4 61 61 85 14 

XT_DEBUG: 2: start_idx=0 end_idx=2 mid_idx=1
XT_DEBUG: start_idx_1=0 end_idx_1=2 vec_1: XT_DEBUG: Vector content: 40 63 
XT_DEBUG: start_idx_2=2 end_idx_2=3 vec_2: XT_DEBUG: Vector content: 52 
XT_DEBUG: Before: idx=0 idx_1=0 idx_2=0 vec_1[idx_1]=40 vec_2[idx_2]=52
XT_DEBUG: After: idx=1 idx_1=1 idx_2=0
XT_DEBUG: vec: XT_DEBUG: Vector content: 40 63 52 61 1 4 61 61 85 14 
XT_DEBUG: Before: idx=1 idx_1=1 idx_2=0 vec_1[idx_1]=63 vec_2[idx_2]=52
XT_DEBUG: After: idx=2 idx_1=1 idx_2=1
XT_DEBUG: vec: XT_DEBUG: Vector content: 40 52 52 61 1 4 61 61 85 14 
XT_DEBUG: Before: idx=2 idx_1=1 idx_2=1
XT_DEBUG: After: idx=3 idx_1=2 idx_2=1
XT_DEBUG: vec: XT_DEBUG: Vector content: 40 52 63 61 1 4 61 61 85 14 

XT_DEBUG: 2: start_idx=0 end_idx=4 mid_idx=2
XT_DEBUG: 1: start_idx=3 end_idx=4 mid_idx=3
XT_DEBUG: 2: start_idx=3 end_idx=4 mid_idx=3
XT_DEBUG: start_idx_1=3 end_idx_1=4 vec_1: XT_DEBUG: Vector content: 61 
XT_DEBUG: start_idx_2=4 end_idx_2=5 vec_2: XT_DEBUG: Vector content: 1 
XT_DEBUG: Before: idx=3 idx_1=0 idx_2=0 vec_1[idx_1]=61 vec_2[idx_2]=1
XT_DEBUG: After: idx=4 idx_1=0 idx_2=1
XT_DEBUG: vec: XT_DEBUG: Vector content: 40 52 63 1 1 4 61 61 85 14 
XT_DEBUG: Before: idx=4 idx_1=0 idx_2=1
XT_DEBUG: After: idx=5 idx_1=1 idx_2=1
XT_DEBUG: vec: XT_DEBUG: Vector content: 40 52 63 1 61 4 61 61 85 14 

XT_DEBUG: start_idx_1=0 end_idx_1=3 vec_1: XT_DEBUG: Vector content: 40 52 63 
XT_DEBUG: start_idx_2=3 end_idx_2=5 vec_2: XT_DEBUG: Vector content: 1 61 
XT_DEBUG: Before: idx=0 idx_1=0 idx_2=0 vec_1[idx_1]=40 vec_2[idx_2]=1
XT_DEBUG: After: idx=1 idx_1=0 idx_2=1
XT_DEBUG: vec: XT_DEBUG: Vector content: 1 52 63 1 61 4 61 61 85 14 
XT_DEBUG: Before: idx=1 idx_1=0 idx_2=1 vec_1[idx_1]=40 vec_2[idx_2]=61
XT_DEBUG: After: idx=2 idx_1=1 idx_2=1
XT_DEBUG: vec: XT_DEBUG: Vector content: 1 40 63 1 61 4 61 61 85 14 
XT_DEBUG: Before: idx=2 idx_1=1 idx_2=1 vec_1[idx_1]=52 vec_2[idx_2]=61
XT_DEBUG: After: idx=3 idx_1=2 idx_2=1
XT_DEBUG: vec: XT_DEBUG: Vector content: 1 40 52 1 61 4 61 61 85 14 
XT_DEBUG: Before: idx=3 idx_1=2 idx_2=1 vec_1[idx_1]=63 vec_2[idx_2]=61
XT_DEBUG: After: idx=4 idx_1=2 idx_2=2
XT_DEBUG: vec: XT_DEBUG: Vector content: 1 40 52 61 61 4 61 61 85 14 
XT_DEBUG: Before: idx=4 idx_1=2 idx_2=2
XT_DEBUG: After: idx=5 idx_1=3 idx_2=2
XT_DEBUG: vec: XT_DEBUG: Vector content: 1 40 52 61 63 4 61 61 85 14 

XT_DEBUG: 2: start_idx=0 end_idx=9 mid_idx=4
XT_DEBUG: 1: start_idx=5 end_idx=9 mid_idx=7
XT_DEBUG: 1: start_idx=5 end_idx=7 mid_idx=6
XT_DEBUG: 1: start_idx=5 end_idx=6 mid_idx=5
XT_DEBUG: 2: start_idx=5 end_idx=6 mid_idx=5
XT_DEBUG: start_idx_1=5 end_idx_1=6 vec_1: XT_DEBUG: Vector content: 4 
XT_DEBUG: start_idx_2=6 end_idx_2=7 vec_2: XT_DEBUG: Vector content: 61 
XT_DEBUG: Before: idx=5 idx_1=0 idx_2=0 vec_1[idx_1]=4 vec_2[idx_2]=61
XT_DEBUG: After: idx=6 idx_1=1 idx_2=0
XT_DEBUG: vec: XT_DEBUG: Vector content: 1 40 52 61 63 4 61 61 85 14 
XT_DEBUG: Before: idx=6 idx_1=1 idx_2=0
XT_DEBUG: After: idx=7 idx_1=1 idx_2=1
XT_DEBUG: vec: XT_DEBUG: Vector content: 1 40 52 61 63 4 61 61 85 14 

XT_DEBUG: 2: start_idx=5 end_idx=7 mid_idx=6
XT_DEBUG: start_idx_1=5 end_idx_1=7 vec_1: XT_DEBUG: Vector content: 4 61 
XT_DEBUG: start_idx_2=7 end_idx_2=8 vec_2: XT_DEBUG: Vector content: 61 
XT_DEBUG: Before: idx=5 idx_1=0 idx_2=0 vec_1[idx_1]=4 vec_2[idx_2]=61
XT_DEBUG: After: idx=6 idx_1=1 idx_2=0
XT_DEBUG: vec: XT_DEBUG: Vector content: 1 40 52 61 63 4 61 61 85 14 
XT_DEBUG: Before: idx=6 idx_1=1 idx_2=0 vec_1[idx_1]=61 vec_2[idx_2]=61
XT_DEBUG: After: idx=7 idx_1=2 idx_2=0
XT_DEBUG: vec: XT_DEBUG: Vector content: 1 40 52 61 63 4 61 61 85 14 
XT_DEBUG: Before: idx=7 idx_1=2 idx_2=0
XT_DEBUG: After: idx=8 idx_1=2 idx_2=1
XT_DEBUG: vec: XT_DEBUG: Vector content: 1 40 52 61 63 4 61 61 85 14 

XT_DEBUG: 2: start_idx=5 end_idx=9 mid_idx=7
XT_DEBUG: 1: start_idx=8 end_idx=9 mid_idx=8
XT_DEBUG: 2: start_idx=8 end_idx=9 mid_idx=8
XT_DEBUG: start_idx_1=8 end_idx_1=9 vec_1: XT_DEBUG: Vector content: 85 
XT_DEBUG: start_idx_2=9 end_idx_2=10 vec_2: XT_DEBUG: Vector content: 14 
XT_DEBUG: Before: idx=8 idx_1=0 idx_2=0 vec_1[idx_1]=85 vec_2[idx_2]=14
XT_DEBUG: After: idx=9 idx_1=0 idx_2=1
XT_DEBUG: vec: XT_DEBUG: Vector content: 1 40 52 61 63 4 61 61 14 14 
XT_DEBUG: Before: idx=9 idx_1=0 idx_2=1
XT_DEBUG: After: idx=10 idx_1=1 idx_2=1
XT_DEBUG: vec: XT_DEBUG: Vector content: 1 40 52 61 63 4 61 61 14 85 

XT_DEBUG: start_idx_1=5 end_idx_1=8 vec_1: XT_DEBUG: Vector content: 4 61 61 
XT_DEBUG: start_idx_2=8 end_idx_2=10 vec_2: XT_DEBUG: Vector content: 14 85 
XT_DEBUG: Before: idx=5 idx_1=0 idx_2=0 vec_1[idx_1]=4 vec_2[idx_2]=14
XT_DEBUG: After: idx=6 idx_1=1 idx_2=0
XT_DEBUG: vec: XT_DEBUG: Vector content: 1 40 52 61 63 4 61 61 14 85 
XT_DEBUG: Before: idx=6 idx_1=1 idx_2=0 vec_1[idx_1]=61 vec_2[idx_2]=14
XT_DEBUG: After: idx=7 idx_1=1 idx_2=1
XT_DEBUG: vec: XT_DEBUG: Vector content: 1 40 52 61 63 4 14 61 14 85 
XT_DEBUG: Before: idx=7 idx_1=1 idx_2=1 vec_1[idx_1]=61 vec_2[idx_2]=85
XT_DEBUG: After: idx=8 idx_1=2 idx_2=1
XT_DEBUG: vec: XT_DEBUG: Vector content: 1 40 52 61 63 4 14 61 14 85 
XT_DEBUG: Before: idx=8 idx_1=2 idx_2=1 vec_1[idx_1]=61 vec_2[idx_2]=85
XT_DEBUG: After: idx=9 idx_1=3 idx_2=1
XT_DEBUG: vec: XT_DEBUG: Vector content: 1 40 52 61 63 4 14 61 61 85 
XT_DEBUG: Before: idx=9 idx_1=3 idx_2=1
XT_DEBUG: After: idx=10 idx_1=3 idx_2=2
XT_DEBUG: vec: XT_DEBUG: Vector content: 1 40 52 61 63 4 14 61 61 85 

XT_DEBUG: start_idx_1=0 end_idx_1=5 vec_1: XT_DEBUG: Vector content: 1 40 52 61 63 
XT_DEBUG: start_idx_2=5 end_idx_2=10 vec_2: XT_DEBUG: Vector content: 4 14 61 61 85 
XT_DEBUG: Before: idx=0 idx_1=0 idx_2=0 vec_1[idx_1]=1 vec_2[idx_2]=4
XT_DEBUG: After: idx=1 idx_1=1 idx_2=0
XT_DEBUG: vec: XT_DEBUG: Vector content: 1 40 52 61 63 4 14 61 61 85 
XT_DEBUG: Before: idx=1 idx_1=1 idx_2=0 vec_1[idx_1]=40 vec_2[idx_2]=4
XT_DEBUG: After: idx=2 idx_1=1 idx_2=1
XT_DEBUG: vec: XT_DEBUG: Vector content: 1 4 52 61 63 4 14 61 61 85 
XT_DEBUG: Before: idx=2 idx_1=1 idx_2=1 vec_1[idx_1]=40 vec_2[idx_2]=14
XT_DEBUG: After: idx=3 idx_1=1 idx_2=2
XT_DEBUG: vec: XT_DEBUG: Vector content: 1 4 14 61 63 4 14 61 61 85 
XT_DEBUG: Before: idx=3 idx_1=1 idx_2=2 vec_1[idx_1]=40 vec_2[idx_2]=61
XT_DEBUG: After: idx=4 idx_1=2 idx_2=2
XT_DEBUG: vec: XT_DEBUG: Vector content: 1 4 14 40 63 4 14 61 61 85 
XT_DEBUG: Before: idx=4 idx_1=2 idx_2=2 vec_1[idx_1]=52 vec_2[idx_2]=61
XT_DEBUG: After: idx=5 idx_1=3 idx_2=2
XT_DEBUG: vec: XT_DEBUG: Vector content: 1 4 14 40 52 4 14 61 61 85 
XT_DEBUG: Before: idx=5 idx_1=3 idx_2=2 vec_1[idx_1]=61 vec_2[idx_2]=61
XT_DEBUG: After: idx=6 idx_1=4 idx_2=2
XT_DEBUG: vec: XT_DEBUG: Vector content: 1 4 14 40 52 61 14 61 61 85 
XT_DEBUG: Before: idx=6 idx_1=4 idx_2=2 vec_1[idx_1]=63 vec_2[idx_2]=61
XT_DEBUG: After: idx=7 idx_1=4 idx_2=3
XT_DEBUG: vec: XT_DEBUG: Vector content: 1 4 14 40 52 61 61 61 61 85 
XT_DEBUG: Before: idx=7 idx_1=4 idx_2=3 vec_1[idx_1]=63 vec_2[idx_2]=61
XT_DEBUG: After: idx=8 idx_1=4 idx_2=4
XT_DEBUG: vec: XT_DEBUG: Vector content: 1 4 14 40 52 61 61 61 61 85 
XT_DEBUG: Before: idx=8 idx_1=4 idx_2=4 vec_1[idx_1]=63 vec_2[idx_2]=85
XT_DEBUG: After: idx=9 idx_1=5 idx_2=4
XT_DEBUG: vec: XT_DEBUG: Vector content: 1 4 14 40 52 61 61 61 63 85 
XT_DEBUG: Before: idx=9 idx_1=5 idx_2=4
XT_DEBUG: After: idx=10 idx_1=5 idx_2=5
XT_DEBUG: vec: XT_DEBUG: Vector content: 1 4 14 40 52 61 61 61 63 85 

XT_INFO: Vector content: 1 4 14 40 52 61 61 61 63 85 
Sort time = 331845[ns]
